<?xml version="1.0" encoding="UTF-8"?>
<!-- Generated by org.testng.reporters.JUnitXMLReporter -->
<testsuite ignored="0" hostname="LAPTOP-28KS5UKO" failures="0" tests="3" name="Default test" time="39.254" errors="0" timestamp="2022-02-24T17:47:20 IST">
  <testcase classname="com.hrm.qa.testcases.HomePageTest" name="verifyLoginTest" time="0.069"/>
  <testcase classname="com.hrm.qa.testcases.HomePageTest" name="clickAdminTest" time="2.489"/>
  <testcase classname="com.hrm.qa.testcases.HomePageTest" name="clickMyInfoTest" time="2.014"/>
</testsuite> <!-- Default test -->
