<?xml version="1.0" encoding="UTF-8"?>
<!-- Generated by org.testng.reporters.JUnitXMLReporter -->
<testsuite ignored="0" hostname="LAPTOP-28KS5UKO" failures="0" tests="3" name="Default test" time="30.253" errors="0" timestamp="2022-02-24T11:52:04 IST">
  <testcase classname="com.hrm.qa.testdata.LoginPageTest" name="loginPageTitleTest" time="0.029"/>
  <testcase classname="com.hrm.qa.testdata.LoginPageTest" name="siteLogo" time="0.05"/>
  <testcase classname="com.hrm.qa.testdata.LoginPageTest" name="loginTest" time="4.733"/>
</testsuite> <!-- Default test -->
