<?xml version="1.0" encoding="UTF-8"?>
<testng-results ignored="0" total="3" passed="3" failed="0" skipped="0">
  <reporter-output>
  </reporter-output>
  <suite started-at="2022-02-24T17:46:40 IST" name="Default suite" finished-at="2022-02-24T17:47:20 IST" duration-ms="39254">
    <groups>
    </groups>
    <test started-at="2022-02-24T17:46:40 IST" name="Default test" finished-at="2022-02-24T17:47:20 IST" duration-ms="39254">
      <class name="com.hrm.qa.testcases.HomePageTest">
        <test-method is-config="true" signature="setup()[pri:0, instance:com.hrm.qa.testcases.HomePageTest@f5acb9d]" started-at="2022-02-24T17:46:40 IST" name="setup" finished-at="2022-02-24T17:46:53 IST" duration-ms="12467" status="PASS">
          <reporter-output>
          </reporter-output>
        </test-method> <!-- setup -->
        <test-method signature="verifyLoginTest()[pri:1, instance:com.hrm.qa.testcases.HomePageTest@f5acb9d]" started-at="2022-02-24T17:46:53 IST" name="verifyLoginTest" finished-at="2022-02-24T17:46:53 IST" duration-ms="69" status="PASS">
          <reporter-output>
          </reporter-output>
        </test-method> <!-- verifyLoginTest -->
        <test-method is-config="true" signature="tearDown()[pri:0, instance:com.hrm.qa.testcases.HomePageTest@f5acb9d]" started-at="2022-02-24T17:46:53 IST" name="tearDown" finished-at="2022-02-24T17:46:53 IST" duration-ms="262" status="PASS">
          <reporter-output>
          </reporter-output>
        </test-method> <!-- tearDown -->
        <test-method is-config="true" signature="setup()[pri:0, instance:com.hrm.qa.testcases.HomePageTest@f5acb9d]" started-at="2022-02-24T17:46:53 IST" name="setup" finished-at="2022-02-24T17:47:04 IST" duration-ms="11041" status="PASS">
          <reporter-output>
          </reporter-output>
        </test-method> <!-- setup -->
        <test-method signature="clickAdminTest()[pri:2, instance:com.hrm.qa.testcases.HomePageTest@f5acb9d]" started-at="2022-02-24T17:47:04 IST" name="clickAdminTest" finished-at="2022-02-24T17:47:07 IST" duration-ms="2489" status="PASS">
          <reporter-output>
          </reporter-output>
        </test-method> <!-- clickAdminTest -->
        <test-method is-config="true" signature="tearDown()[pri:0, instance:com.hrm.qa.testcases.HomePageTest@f5acb9d]" started-at="2022-02-24T17:47:07 IST" name="tearDown" finished-at="2022-02-24T17:47:07 IST" duration-ms="250" status="PASS">
          <reporter-output>
          </reporter-output>
        </test-method> <!-- tearDown -->
        <test-method is-config="true" signature="setup()[pri:0, instance:com.hrm.qa.testcases.HomePageTest@f5acb9d]" started-at="2022-02-24T17:47:07 IST" name="setup" finished-at="2022-02-24T17:47:17 IST" duration-ms="10361" status="PASS">
          <reporter-output>
          </reporter-output>
        </test-method> <!-- setup -->
        <test-method signature="clickMyInfoTest()[pri:3, instance:com.hrm.qa.testcases.HomePageTest@f5acb9d]" started-at="2022-02-24T17:47:17 IST" name="clickMyInfoTest" finished-at="2022-02-24T17:47:19 IST" duration-ms="2014" status="PASS">
          <reporter-output>
          </reporter-output>
        </test-method> <!-- clickMyInfoTest -->
        <test-method is-config="true" signature="tearDown()[pri:0, instance:com.hrm.qa.testcases.HomePageTest@f5acb9d]" started-at="2022-02-24T17:47:19 IST" name="tearDown" finished-at="2022-02-24T17:47:20 IST" duration-ms="250" status="PASS">
          <reporter-output>
          </reporter-output>
        </test-method> <!-- tearDown -->
      </class> <!-- com.hrm.qa.testcases.HomePageTest -->
    </test> <!-- Default test -->
  </suite> <!-- Default suite -->
</testng-results>
