<?xml version="1.0" encoding="UTF-8"?>
<testng-results ignored="0" total="3" passed="3" failed="0" skipped="0">
  <reporter-output>
  </reporter-output>
  <suite started-at="2022-02-24T11:51:34 IST" name="Default suite" finished-at="2022-02-24T11:52:04 IST" duration-ms="30253">
    <groups>
    </groups>
    <test started-at="2022-02-24T11:51:34 IST" name="Default test" finished-at="2022-02-24T11:52:04 IST" duration-ms="30253">
      <class name="com.hrm.qa.testdata.LoginPageTest">
        <test-method is-config="true" signature="setup()[pri:0, instance:com.hrm.qa.testdata.LoginPageTest@543588e6]" started-at="2022-02-24T11:51:34 IST" name="setup" finished-at="2022-02-24T11:51:46 IST" duration-ms="11719" status="PASS">
          <reporter-output>
          </reporter-output>
        </test-method> <!-- setup -->
        <test-method signature="loginPageTitleTest()[pri:1, instance:com.hrm.qa.testdata.LoginPageTest@543588e6]" started-at="2022-02-24T11:51:46 IST" name="loginPageTitleTest" finished-at="2022-02-24T11:51:46 IST" duration-ms="29" status="PASS">
          <reporter-output>
          </reporter-output>
        </test-method> <!-- loginPageTitleTest -->
        <test-method is-config="true" signature="tearDown()[pri:0, instance:com.hrm.qa.testdata.LoginPageTest@543588e6]" started-at="2022-02-24T11:51:46 IST" name="tearDown" finished-at="2022-02-24T11:51:46 IST" duration-ms="260" status="PASS">
          <reporter-output>
          </reporter-output>
        </test-method> <!-- tearDown -->
        <test-method is-config="true" signature="setup()[pri:0, instance:com.hrm.qa.testdata.LoginPageTest@543588e6]" started-at="2022-02-24T11:51:46 IST" name="setup" finished-at="2022-02-24T11:51:52 IST" duration-ms="5373" status="PASS">
          <reporter-output>
          </reporter-output>
        </test-method> <!-- setup -->
        <test-method signature="siteLogo()[pri:2, instance:com.hrm.qa.testdata.LoginPageTest@543588e6]" started-at="2022-02-24T11:51:52 IST" name="siteLogo" finished-at="2022-02-24T11:51:52 IST" duration-ms="50" status="PASS">
          <reporter-output>
          </reporter-output>
        </test-method> <!-- siteLogo -->
        <test-method is-config="true" signature="tearDown()[pri:0, instance:com.hrm.qa.testdata.LoginPageTest@543588e6]" started-at="2022-02-24T11:51:52 IST" name="tearDown" finished-at="2022-02-24T11:51:52 IST" duration-ms="229" status="PASS">
          <reporter-output>
          </reporter-output>
        </test-method> <!-- tearDown -->
        <test-method is-config="true" signature="setup()[pri:0, instance:com.hrm.qa.testdata.LoginPageTest@543588e6]" started-at="2022-02-24T11:51:52 IST" name="setup" finished-at="2022-02-24T11:51:59 IST" duration-ms="7565" status="PASS">
          <reporter-output>
          </reporter-output>
        </test-method> <!-- setup -->
        <test-method signature="loginTest()[pri:3, instance:com.hrm.qa.testdata.LoginPageTest@543588e6]" started-at="2022-02-24T11:51:59 IST" name="loginTest" finished-at="2022-02-24T11:52:04 IST" duration-ms="4733" status="PASS">
          <reporter-output>
          </reporter-output>
        </test-method> <!-- loginTest -->
        <test-method is-config="true" signature="tearDown()[pri:0, instance:com.hrm.qa.testdata.LoginPageTest@543588e6]" started-at="2022-02-24T11:52:04 IST" name="tearDown" finished-at="2022-02-24T11:52:04 IST" duration-ms="246" status="PASS">
          <reporter-output>
          </reporter-output>
        </test-method> <!-- tearDown -->
      </class> <!-- com.hrm.qa.testdata.LoginPageTest -->
    </test> <!-- Default test -->
  </suite> <!-- Default suite -->
</testng-results>
